Using pre-set license
Built from '2022.3/release' branch; Version is '2022.3.12f1 (4fe6e059c7ef) revision 5236448'; Using compiler version '192829333'; Build Type 'Release'
OS: 'Windows 11  (10.0.22621) 64bit Core' Language: 'en' Physical Memory: 32581 MB
BatchMode: 1, IsHumanControllingUs: 0, StartBugReporterOnCrash: 0, Is64bit: 1, IsPro: 1

COMMAND LINE ARGUMENTS:
C:\Program Files\Unity\Hub\Editor\2022.3.12f1\Editor\Unity.exe
-adb2
-batchMode
-noUpm
-name
AssetImportWorker0
-projectPath
C:/Users/Stefen/source/repos/GOJ-2023-MoS/Kaktos studios
-logFile
Logs/AssetImportWorker0.log
-srvPort
50059
Successfully changed project path to: C:/Users/Stefen/source/repos/GOJ-2023-MoS/Kaktos studios
C:/Users/Stefen/source/repos/GOJ-2023-MoS/Kaktos studios
[UnityMemory] Configuration Parameters - Can be set up in boot.config
    "memorysetup-bucket-allocator-granularity=16"
    "memorysetup-bucket-allocator-bucket-count=8"
    "memorysetup-bucket-allocator-block-size=33554432"
    "memorysetup-bucket-allocator-block-count=8"
    "memorysetup-main-allocator-block-size=16777216"
    "memorysetup-thread-allocator-block-size=16777216"
    "memorysetup-gfx-main-allocator-block-size=16777216"
    "memorysetup-gfx-thread-allocator-block-size=16777216"
    "memorysetup-cache-allocator-block-size=4194304"
    "memorysetup-typetree-allocator-block-size=2097152"
    "memorysetup-profiler-bucket-allocator-granularity=16"
    "memorysetup-profiler-bucket-allocator-bucket-count=8"
    "memorysetup-profiler-bucket-allocator-block-size=33554432"
    "memorysetup-profiler-bucket-allocator-block-count=8"
    "memorysetup-profiler-allocator-block-size=16777216"
    "memorysetup-profiler-editor-allocator-block-size=1048576"
    "memorysetup-temp-allocator-size-main=16777216"
    "memorysetup-job-temp-allocator-block-size=2097152"
    "memorysetup-job-temp-allocator-block-size-background=1048576"
    "memorysetup-job-temp-allocator-reduction-small-platforms=262144"
    "memorysetup-allocator-temp-initial-block-size-main=262144"
    "memorysetup-allocator-temp-initial-block-size-worker=262144"
    "memorysetup-temp-allocator-size-background-worker=32768"
    "memorysetup-temp-allocator-size-job-worker=262144"
    "memorysetup-temp-allocator-size-preload-manager=33554432"
    "memorysetup-temp-allocator-size-nav-mesh-worker=65536"
    "memorysetup-temp-allocator-size-audio-worker=65536"
    "memorysetup-temp-allocator-size-cloud-worker=32768"
    "memorysetup-temp-allocator-size-gi-baking-worker=262144"
    "memorysetup-temp-allocator-size-gfx=262144"
Player connection [19260] Host "[IP] 192.168.1.179 [Port] 0 [Flags] 2 [Guid] 1424899532 [EditorId] 1424899532 [Version] 1048832 [Id] WindowsEditor(7,DESKTOP-HJICDQ4) [Debug] 1 [PackageName] WindowsEditor [ProjectName] Editor" joined multi-casting on [225.0.0.222:54997]...

Player connection [19260] Host "[IP] 192.168.1.179 [Port] 0 [Flags] 2 [Guid] 1424899532 [EditorId] 1424899532 [Version] 1048832 [Id] WindowsEditor(7,DESKTOP-HJICDQ4) [Debug] 1 [PackageName] WindowsEditor [ProjectName] Editor" joined alternative multi-casting on [225.0.0.222:34997]...

[Physics::Module] Initialized MultithreadedJobDispatcher with 23 workers.
Refreshing native plugins compatible for Editor in 4.01 ms, found 3 plugins.
Preloading 0 native plugins for Editor in 0.00 ms.
Initialize engine version: 2022.3.12f1 (4fe6e059c7ef)
[Subsystems] Discovering subsystems at path C:/Program Files/Unity/Hub/Editor/2022.3.12f1/Editor/Data/Resources/UnitySubsystems
[Subsystems] Discovering subsystems at path C:/Users/Stefen/source/repos/GOJ-2023-MoS/Kaktos studios/Assets
GfxDevice: creating device client; threaded=0; jobified=0
Direct3D:
    Version:  Direct3D 11.0 [level 11.1]
    Renderer: NVIDIA GeForce RTX 4080 (ID=0x2704)
    Vendor:   NVIDIA
    VRAM:     16064 MB
    Driver:   31.0.15.4601
Initialize mono
Mono path[0] = 'C:/Program Files/Unity/Hub/Editor/2022.3.12f1/Editor/Data/Managed'
Mono path[1] = 'C:/Program Files/Unity/Hub/Editor/2022.3.12f1/Editor/Data/MonoBleedingEdge/lib/mono/unityjit-win32'
Mono config path = 'C:/Program Files/Unity/Hub/Editor/2022.3.12f1/Editor/Data/MonoBleedingEdge/etc'
Using monoOptions --debugger-agent=transport=dt_socket,embedding=1,server=y,suspend=n,address=127.0.0.1:56812
Begin MonoManager ReloadAssembly
Registering precompiled unity dll's ...
Register platform support module: C:/Program Files/Unity/Hub/Editor/2022.3.12f1/Editor/Data/PlaybackEngines/WebGLSupport/UnityEditor.WebGL.Extensions.dll
Register platform support module: C:/Program Files/Unity/Hub/Editor/2022.3.12f1/Editor/Data/PlaybackEngines/WindowsStandaloneSupport/UnityEditor.WindowsStandalone.Extensions.dll
Registered in 0.004799 seconds.
- Loaded All Assemblies, in  0.319 seconds
Native extension for WindowsStandalone target not found
Native extension for WebGL target not found
Mono: successfully reloaded assembly
- Finished resetting the current domain, in  0.164 seconds
Domain Reload Profiling: 482ms
	BeginReloadAssembly (123ms)
		ExecutionOrderSort (0ms)
		DisableScriptedObjects (0ms)
		BackupInstance (0ms)
		ReleaseScriptingObjects (0ms)
		CreateAndSetChildDomain (1ms)
	RebuildCommonClasses (26ms)
	RebuildNativeTypeToScriptingClass (7ms)
	initialDomainReloadingComplete (39ms)
	LoadAllAssembliesAndSetupDomain (123ms)
		LoadAssemblies (123ms)
		RebuildTransferFunctionScriptingTraits (0ms)
		AnalyzeDomain (120ms)
			TypeCache.Refresh (119ms)
				TypeCache.ScanAssembly (106ms)
			ScanForSourceGeneratedMonoScriptInfo (0ms)
			ResolveRequiredComponents (0ms)
	FinalizeReload (165ms)
		ReleaseScriptCaches (0ms)
		RebuildScriptCaches (0ms)
		SetupLoadedEditorAssemblies (128ms)
			LogAssemblyErrors (0ms)
			InitializePlatformSupportModulesInManaged (7ms)
			SetLoadedEditorAssemblies (4ms)
			RefreshPlugins (0ms)
			BeforeProcessingInitializeOnLoad (1ms)
			ProcessInitializeOnLoadAttributes (80ms)
			ProcessInitializeOnLoadMethodAttributes (34ms)
			AfterProcessingInitializeOnLoad (0ms)
			EditorAssembliesLoaded (0ms)
		ExecutionOrderSort2 (0ms)
		AwakeInstancesAfterBackupRestoration (0ms)
========================================================================
Worker process is ready to serve import requests
Begin MonoManager ReloadAssembly
- Loaded All Assemblies, in  0.513 seconds
Refreshing native plugins compatible for Editor in 1.57 ms, found 3 plugins.
Native extension for WindowsStandalone target not found
Native extension for WebGL target not found
Package Manager log level set to [2]
[Package Manager] Server::EnsureServerProcessIsRunning -- launch failed, reason: Unity was launched with the -noUpm command-line argument
[Package Manager] UpmClient::Send -- Unable to send message (not connected to UPM process).
[Package Manager] Cannot connect to Unity Package Manager local server
Mono: successfully reloaded assembly
- Finished resetting the current domain, in  0.417 seconds
Domain Reload Profiling: 928ms
	BeginReloadAssembly (101ms)
		ExecutionOrderSort (0ms)
		DisableScriptedObjects (4ms)
		BackupInstance (0ms)
		ReleaseScriptingObjects (0ms)
		CreateAndSetChildDomain (13ms)
	RebuildCommonClasses (18ms)
	RebuildNativeTypeToScriptingClass (6ms)
	initialDomainReloadingComplete (25ms)
	LoadAllAssembliesAndSetupDomain (361ms)
		LoadAssemblies (279ms)
		RebuildTransferFunctionScriptingTraits (0ms)
		AnalyzeDomain (142ms)
			TypeCache.Refresh (126ms)
				TypeCache.ScanAssembly (115ms)
			ScanForSourceGeneratedMonoScriptInfo (13ms)
			ResolveRequiredComponents (2ms)
	FinalizeReload (417ms)
		ReleaseScriptCaches (0ms)
		RebuildScriptCaches (0ms)
		SetupLoadedEditorAssemblies (313ms)
			LogAssemblyErrors (0ms)
			InitializePlatformSupportModulesInManaged (4ms)
			SetLoadedEditorAssemblies (3ms)
			RefreshPlugins (0ms)
			BeforeProcessingInitializeOnLoad (58ms)
			ProcessInitializeOnLoadAttributes (230ms)
			ProcessInitializeOnLoadMethodAttributes (13ms)
			AfterProcessingInitializeOnLoad (4ms)
			EditorAssembliesLoaded (0ms)
		ExecutionOrderSort2 (0ms)
		AwakeInstancesAfterBackupRestoration (4ms)
Launched and connected shader compiler UnityShaderCompiler.exe after 0.04 seconds
Refreshing native plugins compatible for Editor in 1.50 ms, found 3 plugins.
Preloading 0 native plugins for Editor in 0.00 ms.
Unloading 3222 Unused Serialized files (Serialized files now loaded: 0)
Unloading 43 unused Assets / (198.6 KB). Loaded Objects now: 3699.
Memory consumption went from 150.2 MB to 150.0 MB.
Total: 1.822300 ms (FindLiveObjects: 0.151800 ms CreateObjectMapping: 0.056700 ms MarkObjects: 1.548200 ms  DeleteObjects: 0.064800 ms)

AssetImportParameters requested are different than current active one (requested -> active):
  custom:container-demuxer-ogg: 62fdf1f143b41e24485cea50d1cbac27 -> 
  custom:video-decoder-ogg-theora: a1e56fd34408186e4bbccfd4996cb3dc -> 
  custom:framework-win-MediaFoundation: 216162199b28c13a410421893ffa2e32 -> 
  custom:container-demuxer-webm: 4f35f7cbe854078d1ac9338744f61a02 -> 
  custom:container-muxer-webm: aa71ff27fc2769a1b78a27578f13a17b -> 
  custom:video-decoder-webm-vp8: 9c59270c3fd7afecdb556c50c9e8de78 -> 
  custom:AudioImporter_EditorPlatform: d09bf68614088b80899f8185d706f6e7 -> 
  custom:video-encoder-webm-vp8: eb34c28f22e8b96e1ab97ce403110664 -> 
  custom:audio-decoder-ogg-vorbis: bf7c407c2cedff20999df2af8eb42d56 -> 
  custom:audio-encoder-webm-vorbis: bf7c407c2cedff20999df2af8eb42d56 -> 
========================================================================
Received Prepare
Refreshing native plugins compatible for Editor in 1.49 ms, found 3 plugins.
Preloading 0 native plugins for Editor in 0.00 ms.
Unloading 13 Unused Serialized files (Serialized files now loaded: 0)
Unloading 13 unused Assets / (189.6 KB). Loaded Objects now: 3699.
Memory consumption went from 93.9 MB to 93.7 MB.
Total: 1.678600 ms (FindLiveObjects: 0.146200 ms CreateObjectMapping: 0.070600 ms MarkObjects: 1.422700 ms  DeleteObjects: 0.038700 ms)

Prepare: number of updated asset objects reloaded= 0
AssetImportParameters requested are different than current active one (requested -> active):
  custom:container-demuxer-ogg: 62fdf1f143b41e24485cea50d1cbac27 -> 
  custom:video-decoder-ogg-theora: a1e56fd34408186e4bbccfd4996cb3dc -> 
  custom:framework-win-MediaFoundation: 216162199b28c13a410421893ffa2e32 -> 
  custom:CustomObjectIndexerAttribute: 756ad292c208cfabdd7b50bc23989ffe -> 
  custom:container-demuxer-webm: 4f35f7cbe854078d1ac9338744f61a02 -> 
  custom:container-muxer-webm: aa71ff27fc2769a1b78a27578f13a17b -> 
  custom:video-decoder-webm-vp8: 9c59270c3fd7afecdb556c50c9e8de78 -> 
  custom:SearchIndexIgnoredProperties: e643bd26f0fe6173181afceb89e7c659 -> 
  custom:AudioImporter_EditorPlatform: d09bf68614088b80899f8185d706f6e7 -> 
  custom:video-encoder-webm-vp8: eb34c28f22e8b96e1ab97ce403110664 -> 
  custom:audio-decoder-ogg-vorbis: bf7c407c2cedff20999df2af8eb42d56 -> 
  custom:audio-encoder-webm-vorbis: bf7c407c2cedff20999df2af8eb42d56 -> 
========================================================================
Received Import Request.
  Time since last request: 1173.409526 seconds.
  path: Assets/Environment/Stage 1/Eyes/back eye.png
  artifactKey: Guid(9d2183efd5cc5f244bf4b47b127cc2ec) Importer(815301076,1909f56bfc062723c751e8b465ee728b)
Start importing Assets/Environment/Stage 1/Eyes/back eye.png using Guid(9d2183efd5cc5f244bf4b47b127cc2ec) Importer(815301076,1909f56bfc062723c751e8b465ee728b)  -> (artifact id: '9f17056e55ee924c11501620ac80aa70') in 0.047757 seconds
Number of updated asset objects reloaded before import = 0
Number of asset objects unloaded after import = 2
========================================================================
Received Import Request.
  Time since last request: 0.000010 seconds.
  path: Assets/Environment/Lobby Asylum/backdoor2.png
  artifactKey: Guid(62ab6834add1d874d9826b8f0adbb7f8) Importer(815301076,1909f56bfc062723c751e8b465ee728b)
Start importing Assets/Environment/Lobby Asylum/backdoor2.png using Guid(62ab6834add1d874d9826b8f0adbb7f8) Importer(815301076,1909f56bfc062723c751e8b465ee728b)  -> (artifact id: 'ab9e0f679c7f84a6c69adc77b5c0c8ad') in 0.014917 seconds
Number of updated asset objects reloaded before import = 0
Number of asset objects unloaded after import = 2
========================================================================
Received Import Request.
  Time since last request: 0.000013 seconds.
  path: Assets/Environment/Level 2/level2 illustration.png
  artifactKey: Guid(359928d4ec628154ca23291ab4548659) Importer(815301076,1909f56bfc062723c751e8b465ee728b)
Start importing Assets/Environment/Level 2/level2 illustration.png using Guid(359928d4ec628154ca23291ab4548659) Importer(815301076,1909f56bfc062723c751e8b465ee728b)  -> (artifact id: 'c4c5b1d3999686908655c93e30759a71') in 0.011671 seconds
Number of updated asset objects reloaded before import = 0
Number of asset objects unloaded after import = 2
========================================================================
Received Import Request.
  Time since last request: 0.000012 seconds.
  path: Assets/KaktosStudios.png
  artifactKey: Guid(7b63334bcd2d934afa6553888e5be9a7) Importer(815301076,1909f56bfc062723c751e8b465ee728b)
Start importing Assets/KaktosStudios.png using Guid(7b63334bcd2d934afa6553888e5be9a7) Importer(815301076,1909f56bfc062723c751e8b465ee728b)  -> (artifact id: '8fe1c4c068c2c1862da894069f84e78e') in 0.014954 seconds
Number of updated asset objects reloaded before import = 0
Number of asset objects unloaded after import = 2
========================================================================
Received Import Request.
  Time since last request: 0.000014 seconds.
  path: Assets/Models/Character/Textures/hoodyCOLOR.png
  artifactKey: Guid(8e1fc70c294e9874e9b66253548bb64f) Importer(815301076,1909f56bfc062723c751e8b465ee728b)
Start importing Assets/Models/Character/Textures/hoodyCOLOR.png using Guid(8e1fc70c294e9874e9b66253548bb64f) Importer(815301076,1909f56bfc062723c751e8b465ee728b)  -> (artifact id: '703c3f8d3b3304c90718580bdf23879e') in 0.012741 seconds
Number of updated asset objects reloaded before import = 0
Number of asset objects unloaded after import = 2
========================================================================
Received Import Request.
  Time since last request: 0.000011 seconds.
  path: Assets/Models/Spider/Textures/top spiderbuttcolor.png
  artifactKey: Guid(8a63ca4fe43a33049a2a28909adc4995) Importer(815301076,1909f56bfc062723c751e8b465ee728b)
Start importing Assets/Models/Spider/Textures/top spiderbuttcolor.png using Guid(8a63ca4fe43a33049a2a28909adc4995) Importer(815301076,1909f56bfc062723c751e8b465ee728b)  -> (artifact id: 'b8ffe3579c00fffb763ae2dae0a0c6da') in 0.015994 seconds
Number of updated asset objects reloaded before import = 0
Number of asset objects unloaded after import = 2
========================================================================
Received Import Request.
  Time since last request: 0.000014 seconds.
  path: Assets/Environment/Stage 1/Bridge/platetop1.png
  artifactKey: Guid(2651962cb999d9b4ebf0e1ad90e68e22) Importer(815301076,1909f56bfc062723c751e8b465ee728b)
Start importing Assets/Environment/Stage 1/Bridge/platetop1.png using Guid(2651962cb999d9b4ebf0e1ad90e68e22) Importer(815301076,1909f56bfc062723c751e8b465ee728b)  -> (artifact id: '5a3d810696cdb3280ccced6cab928fb2') in 0.013576 seconds
Number of updated asset objects reloaded before import = 0
Number of asset objects unloaded after import = 2
========================================================================
Received Import Request.
  Time since last request: 0.000013 seconds.
  path: Assets/Models/Character/Textures/MChead.png
  artifactKey: Guid(43492ae5954bab84fac74a92d1d17108) Importer(815301076,1909f56bfc062723c751e8b465ee728b)
Start importing Assets/Models/Character/Textures/MChead.png using Guid(43492ae5954bab84fac74a92d1d17108) Importer(815301076,1909f56bfc062723c751e8b465ee728b)  -> (artifact id: 'e84568128bd804bf95b3ae53a2000653') in 0.012248 seconds
Number of updated asset objects reloaded before import = 0
Number of asset objects unloaded after import = 2
========================================================================
Received Import Request.
  Time since last request: 0.000021 seconds.
  path: Assets/Models/Character/Textures/MCfacecolor.png
  artifactKey: Guid(69d8cf08e208c464cba0a7a48670e4f2) Importer(815301076,1909f56bfc062723c751e8b465ee728b)
Start importing Assets/Models/Character/Textures/MCfacecolor.png using Guid(69d8cf08e208c464cba0a7a48670e4f2) Importer(815301076,1909f56bfc062723c751e8b465ee728b)  -> (artifact id: 'f8edf566b88d879779e56794ed3956a3') in 0.007740 seconds
Number of updated asset objects reloaded before import = 0
Number of asset objects unloaded after import = 2
========================================================================
Received Import Request.
  Time since last request: 0.000014 seconds.
  path: Assets/Environment/Stage 1/Bridge/polos2.png
  artifactKey: Guid(aa49a915792887a43bf96dc23ceb94a4) Importer(815301076,1909f56bfc062723c751e8b465ee728b)
Start importing Assets/Environment/Stage 1/Bridge/polos2.png using Guid(aa49a915792887a43bf96dc23ceb94a4) Importer(815301076,1909f56bfc062723c751e8b465ee728b)  -> (artifact id: 'f842ba245911f68f4aa7930c6dd31b34') in 0.011404 seconds
Number of updated asset objects reloaded before import = 0
Number of asset objects unloaded after import = 2
========================================================================
Received Import Request.
  Time since last request: 0.000012 seconds.
  path: Assets/Environment/Lobby Asylum/Front Doorplane2.png
  artifactKey: Guid(72ce1dc9b66d4d44793872626699ec8a) Importer(815301076,1909f56bfc062723c751e8b465ee728b)
Start importing Assets/Environment/Lobby Asylum/Front Doorplane2.png using Guid(72ce1dc9b66d4d44793872626699ec8a) Importer(815301076,1909f56bfc062723c751e8b465ee728b)  -> (artifact id: '1309ad9673c08c3fea85f75391647481') in 0.012026 seconds
Number of updated asset objects reloaded before import = 0
Number of asset objects unloaded after import = 2
========================================================================
Received Import Request.
  Time since last request: 0.000013 seconds.
  path: Assets/Environment/Stage 1/Eyes/front eye3.png
  artifactKey: Guid(34ef1c88219c634489fb895c20e7b49f) Importer(815301076,1909f56bfc062723c751e8b465ee728b)
Start importing Assets/Environment/Stage 1/Eyes/front eye3.png using Guid(34ef1c88219c634489fb895c20e7b49f) Importer(815301076,1909f56bfc062723c751e8b465ee728b)  -> (artifact id: '786846c50318c2fdd267aca2976e83e1') in 0.013322 seconds
Number of updated asset objects reloaded before import = 0
Number of asset objects unloaded after import = 2
========================================================================
Received Import Request.
  Time since last request: 0.000012 seconds.
  path: Assets/Models/Spider/Textures/facecolor.png
  artifactKey: Guid(6d63ea85b441074448e06a9344236f3b) Importer(815301076,1909f56bfc062723c751e8b465ee728b)
Start importing Assets/Models/Spider/Textures/facecolor.png using Guid(6d63ea85b441074448e06a9344236f3b) Importer(815301076,1909f56bfc062723c751e8b465ee728b)  -> (artifact id: 'e06b8f9da6aa3bbcadcc52334d35fe35') in 0.012346 seconds
Number of updated asset objects reloaded before import = 0
Number of asset objects unloaded after import = 2
========================================================================
Received Import Request.
  Time since last request: 0.000022 seconds.
  path: Assets/Environment/Lobby Asylum/door handle2.png
  artifactKey: Guid(f12f486f239160945992b85425913d8f) Importer(815301076,1909f56bfc062723c751e8b465ee728b)
Start importing Assets/Environment/Lobby Asylum/door handle2.png using Guid(f12f486f239160945992b85425913d8f) Importer(815301076,1909f56bfc062723c751e8b465ee728b)  -> (artifact id: '6f8b78f3460e10c890de3bd4a08e3a6e') in 0.015224 seconds
Number of updated asset objects reloaded before import = 0
Number of asset objects unloaded after import = 2
Editor requested this worker to shutdown with reason: Scaling down because of idle timeout
TcpMessagingSession - receive error
AssetImportWorkerClient::OnTransportError - code=2 error=End of file
AssetImportWorker is now disconnected from the server
Process exiting
Exiting without the bug reporter. Application will terminate with return code 0